{"/Users/gabrielajardimaquino/Documents/Canoo Take Home/src/client/App.tsx": {"path":"/Users/gabrielajardimaquino/Documents/Canoo Take Home/src/client/App.tsx","statementMap":{"0":{"start":{"line":1,"column":0},"end":{"line":1,"column":40}},"1":{"start":{"line":2,"column":0},"end":{"line":2,"column":46}},"2":{"start":{"line":3,"column":0},"end":{"line":3,"column":42}},"3":{"start":{"line":4,"column":0},"end":{"line":4,"column":51}},"4":{"start":{"line":5,"column":0},"end":{"line":5,"column":53}},"5":{"start":{"line":6,"column":0},"end":{"line":6,"column":50}},"6":{"start":{"line":7,"column":0},"end":{"line":7,"column":56}},"7":{"start":{"line":8,"column":0},"end":{"line":8,"column":71}},"8":{"start":{"line":9,"column":0},"end":{"line":9,"column":54}},"9":{"start":{"line":12,"column":18},"end":{"line":12,"column":30}},"10":{"start":{"line":13,"column":19},"end":{"line":13,"column":32}},"11":{"start":{"line":14,"column":2},"end":{"line":32,"column":7}},"12":{"start":{"line":18,"column":17},"end":{"line":18,"column":28}},"13":{"start":{"line":20,"column":6},"end":{"line":26,"column":8}},"14":{"start":{"line":30,"column":6},"end":{"line":30,"column":57}},"15":{"start":{"line":31,"column":6},"end":{"line":31,"column":16}},"16":{"start":{"line":33,"column":26},"end":{"line":33,"column":37}},"17":{"start":{"line":33,"column":13},"end":{"line":33,"column":15}},"18":{"start":{"line":33,"column":22},"end":{"line":33,"column":26}},"19":{"start":{"line":35,"column":2},"end":{"line":43,"column":4}},"20":{"start":{"line":11,"column":0},"end":{"line":11,"column":24}}},"fnMap":{"0":{"name":"App","decl":{"start":{"line":11,"column":24},"end":{"line":11,"column":27}},"loc":{"start":{"line":11,"column":27},"end":{"line":44,"column":1}}},"1":{"name":"(anonymous_8)","decl":{"start":{"line":18,"column":10},"end":{"line":18,"column":13}},"loc":{"start":{"line":18,"column":13},"end":{"line":18,"column":20}}},"2":{"name":"(anonymous_9)","decl":{"start":{"line":19,"column":10},"end":{"line":19,"column":14}},"loc":{"start":{"line":19,"column":14},"end":{"line":27,"column":5}}},"3":{"name":"(anonymous_10)","decl":{"start":{"line":28,"column":11},"end":{"line":28,"column":14}},"loc":{"start":{"line":28,"column":14},"end":{"line":32,"column":5}}}},"branchMap":{"0":{"loc":{"start":{"line":39,"column":22},"end":{"line":39,"column":36}},"type":"cond-expr","locations":[{"start":{"line":39,"column":22},"end":{"line":39,"column":36}},{"start":{"line":39,"column":39},"end":{"line":39,"column":59}}]}},"s":{"0":1,"1":1,"2":1,"3":1,"4":1,"5":1,"6":1,"7":1,"8":1,"9":0,"10":0,"11":0,"12":0,"13":0,"14":0,"15":0,"16":0,"17":0,"18":0,"19":0,"20":1},"f":{"0":0,"1":0,"2":0,"3":0},"b":{"0":[0,0]}}
,"/Users/gabrielajardimaquino/Documents/Canoo Take Home/src/client/commonStyles/stylesHome.tsx": {"path":"/Users/gabrielajardimaquino/Documents/Canoo Take Home/src/client/commonStyles/stylesHome.tsx","statementMap":{"0":{"start":{"line":2,"column":0},"end":{"line":2,"column":54}},"1":{"start":{"line":4,"column":19},"end":{"line":13,"column":3}},"2":{"start":{"line":4,"column":46},"end":{"line":13,"column":3}},"3":{"start":{"line":15,"column":23},"end":{"line":15,"column":30}}},"fnMap":{"0":{"name":"(anonymous_0)","decl":{"start":{"line":4,"column":30},"end":{"line":4,"column":31}},"loc":{"start":{"line":4,"column":41},"end":{"line":4,"column":47}}}},"branchMap":{},"s":{"0":1,"1":1,"2":0,"3":1},"f":{"0":0},"b":{}}
,"/Users/gabrielajardimaquino/Documents/Canoo Take Home/src/client/commonStyles/stylesPanel.tsx": {"path":"/Users/gabrielajardimaquino/Documents/Canoo Take Home/src/client/commonStyles/stylesPanel.tsx","statementMap":{"0":{"start":{"line":2,"column":0},"end":{"line":2,"column":54}},"1":{"start":{"line":5,"column":20},"end":{"line":44,"column":3}},"2":{"start":{"line":5,"column":47},"end":{"line":44,"column":3}},"3":{"start":{"line":46,"column":24},"end":{"line":46,"column":31}}},"fnMap":{"0":{"name":"(anonymous_0)","decl":{"start":{"line":5,"column":31},"end":{"line":5,"column":32}},"loc":{"start":{"line":5,"column":42},"end":{"line":5,"column":48}}}},"branchMap":{},"s":{"0":3,"1":3,"2":0,"3":3},"f":{"0":0},"b":{}}
,"/Users/gabrielajardimaquino/Documents/Canoo Take Home/src/client/features/lights/LightPanel.tsx": {"path":"/Users/gabrielajardimaquino/Documents/Canoo Take Home/src/client/features/lights/LightPanel.tsx","statementMap":{"0":{"start":{"line":2,"column":0},"end":{"line":2,"column":26}},"1":{"start":{"line":3,"column":0},"end":{"line":3,"column":55}},"2":{"start":{"line":4,"column":0},"end":{"line":4,"column":null}},"3":{"start":{"line":7,"column":0},"end":{"line":7,"column":71}},"4":{"start":{"line":8,"column":0},"end":{"line":8,"column":55}},"5":{"start":{"line":9,"column":0},"end":{"line":9,"column":57}},"6":{"start":{"line":11,"column":0},"end":{"line":11,"column":57}},"7":{"start":{"line":12,"column":0},"end":{"line":12,"column":53}},"8":{"start":{"line":13,"column":0},"end":{"line":13,"column":53}},"9":{"start":{"line":17,"column":18},"end":{"line":17,"column":31}},"10":{"start":{"line":19,"column":19},"end":{"line":19,"column":32}},"11":{"start":{"line":21,"column":21},"end":{"line":21,"column":65}},"12":{"start":{"line":21,"column":58},"end":{"line":21,"column":64}},"13":{"start":{"line":23,"column":22},"end":{"line":23,"column":43}},"14":{"start":{"line":25,"column":2},"end":{"line":72,"column":4}},"15":{"start":{"line":39,"column":12},"end":{"line":39,"column":46}},"16":{"start":{"line":50,"column":12},"end":{"line":50,"column":47}},"17":{"start":{"line":59,"column":82},"end":{"line":66,"column":12}},"18":{"start":{"line":15,"column":0},"end":{"line":15,"column":24}}},"fnMap":{"0":{"name":"LightPanel","decl":{"start":{"line":15,"column":24},"end":{"line":15,"column":34}},"loc":{"start":{"line":15,"column":34},"end":{"line":73,"column":1}}},"1":{"name":"(anonymous_8)","decl":{"start":{"line":21,"column":33},"end":{"line":21,"column":34}},"loc":{"start":{"line":21,"column":53},"end":{"line":21,"column":63}}},"2":{"name":"(anonymous_9)","decl":{"start":{"line":38,"column":19},"end":{"line":38,"column":null}},"loc":{"start":{"line":38,"column":19},"end":{"line":40,"column":11}}},"3":{"name":"(anonymous_10)","decl":{"start":{"line":49,"column":19},"end":{"line":49,"column":null}},"loc":{"start":{"line":49,"column":19},"end":{"line":51,"column":11}}},"4":{"name":"(anonymous_11)","decl":{"start":{"line":59,"column":27},"end":{"line":59,"column":28}},"loc":{"start":{"line":59,"column":77},"end":{"line":59,"column":null}}}},"branchMap":{},"s":{"0":2,"1":2,"2":2,"3":2,"4":2,"5":2,"6":2,"7":2,"8":2,"9":0,"10":0,"11":0,"12":0,"13":0,"14":0,"15":0,"16":0,"17":0,"18":2},"f":{"0":0,"1":0,"2":0,"3":0,"4":0},"b":{}}
,"/Users/gabrielajardimaquino/Documents/Canoo Take Home/src/client/features/lights/lightsComponents/LightForm.tsx": {"path":"/Users/gabrielajardimaquino/Documents/Canoo Take Home/src/client/features/lights/lightsComponents/LightForm.tsx","statementMap":{"0":{"start":{"line":1,"column":0},"end":{"line":1,"column":40}},"1":{"start":{"line":2,"column":0},"end":{"line":2,"column":55}},"2":{"start":{"line":3,"column":0},"end":{"line":3,"column":68}},"3":{"start":{"line":4,"column":0},"end":{"line":4,"column":57}},"4":{"start":{"line":5,"column":0},"end":{"line":5,"column":60}},"5":{"start":{"line":9,"column":19},"end":{"line":9,"column":32}},"6":{"start":{"line":10,"column":25},"end":{"line":10,"column":69}},"7":{"start":{"line":10,"column":62},"end":{"line":10,"column":68}},"8":{"start":{"line":11,"column":30},"end":{"line":13,"column":4}},"9":{"start":{"line":11,"column":15},"end":{"line":11,"column":17}},"10":{"start":{"line":11,"column":26},"end":{"line":11,"column":30}},"11":{"start":{"line":15,"column":23},"end":{"line":23,"column":3}},"12":{"start":{"line":16,"column":23},"end":{"line":16,"column":36}},"13":{"start":{"line":17,"column":22},"end":{"line":17,"column":31}},"14":{"start":{"line":18,"column":18},"end":{"line":18,"column":52}},"15":{"start":{"line":19,"column":4},"end":{"line":22,"column":7}},"16":{"start":{"line":25,"column":2},"end":{"line":58,"column":4}},"17":{"start":{"line":38,"column":10},"end":{"line":46,"column":12}},"18":{"start":{"line":47,"column":10},"end":{"line":50,"column":13}},"19":{"start":{"line":8,"column":0},"end":{"line":8,"column":24}}},"fnMap":{"0":{"name":"LightForm","decl":{"start":{"line":8,"column":24},"end":{"line":8,"column":33}},"loc":{"start":{"line":8,"column":33},"end":{"line":59,"column":1}}},"1":{"name":"(anonymous_10)","decl":{"start":{"line":10,"column":37},"end":{"line":10,"column":38}},"loc":{"start":{"line":10,"column":57},"end":{"line":10,"column":67}}},"2":{"name":"(anonymous_11)","decl":{"start":{"line":15,"column":23},"end":{"line":15,"column":24}},"loc":{"start":{"line":15,"column":62},"end":{"line":23,"column":3}}},"3":{"name":"(anonymous_12)","decl":{"start":{"line":37,"column":17},"end":{"line":37,"column":null}},"loc":{"start":{"line":37,"column":17},"end":{"line":51,"column":9}}}},"branchMap":{},"s":{"0":3,"1":3,"2":3,"3":3,"4":3,"5":0,"6":0,"7":0,"8":0,"9":0,"10":0,"11":0,"12":0,"13":0,"14":0,"15":0,"16":0,"17":0,"18":0,"19":3},"f":{"0":0,"1":0,"2":0,"3":0},"b":{}}
,"/Users/gabrielajardimaquino/Documents/Canoo Take Home/src/client/features/lights/lightsComponents/LightItem.tsx": {"path":"/Users/gabrielajardimaquino/Documents/Canoo Take Home/src/client/features/lights/lightsComponents/LightItem.tsx","statementMap":{"0":{"start":{"line":2,"column":0},"end":{"line":2,"column":26}},"1":{"start":{"line":3,"column":0},"end":{"line":3,"column":42}},"2":{"start":{"line":4,"column":0},"end":{"line":4,"column":null}},"3":{"start":{"line":7,"column":0},"end":{"line":7,"column":51}},"4":{"start":{"line":8,"column":0},"end":{"line":8,"column":62}},"5":{"start":{"line":9,"column":0},"end":{"line":9,"column":60}},"6":{"start":{"line":17,"column":38},"end":{"line":17,"column":40}},"7":{"start":{"line":17,"column":44},"end":{"line":17,"column":46}},"8":{"start":{"line":17,"column":52},"end":{"line":17,"column":69}},"9":{"start":{"line":18,"column":18},"end":{"line":18,"column":35}},"10":{"start":{"line":19,"column":19},"end":{"line":19,"column":32}},"11":{"start":{"line":21,"column":23},"end":{"line":31,"column":3}},"12":{"start":{"line":22,"column":4},"end":{"line":30,"column":6}},"13":{"start":{"line":33,"column":2},"end":{"line":59,"column":4}},"14":{"start":{"line":50,"column":12},"end":{"line":50,"column":46}},"15":{"start":{"line":17,"column":0},"end":{"line":17,"column":24}}},"fnMap":{"0":{"name":"LightItem","decl":{"start":{"line":17,"column":24},"end":{"line":17,"column":33}},"loc":{"start":{"line":17,"column":69},"end":{"line":60,"column":1}}},"1":{"name":"(anonymous_8)","decl":{"start":{"line":21,"column":23},"end":{"line":21,"column":24}},"loc":{"start":{"line":21,"column":57},"end":{"line":31,"column":3}}},"2":{"name":"(anonymous_9)","decl":{"start":{"line":49,"column":19},"end":{"line":49,"column":null}},"loc":{"start":{"line":49,"column":19},"end":{"line":51,"column":11}}}},"branchMap":{"0":{"loc":{"start":{"line":43,"column":24},"end":{"line":43,"column":28}},"type":"cond-expr","locations":[{"start":{"line":43,"column":24},"end":{"line":43,"column":28}},{"start":{"line":43,"column":31},"end":{"line":43,"column":36}}]}},"s":{"0":3,"1":3,"2":3,"3":3,"4":3,"5":3,"6":0,"7":0,"8":0,"9":0,"10":0,"11":0,"12":0,"13":0,"14":0,"15":3},"f":{"0":0,"1":0,"2":0},"b":{"0":[0,0]}}
,"/Users/gabrielajardimaquino/Documents/Canoo Take Home/src/client/features/lights/lightsStyles/stylesLightItem.tsx": {"path":"/Users/gabrielajardimaquino/Documents/Canoo Take Home/src/client/features/lights/lightsStyles/stylesLightItem.tsx","statementMap":{"0":{"start":{"line":1,"column":0},"end":{"line":1,"column":54}},"1":{"start":{"line":3,"column":24},"end":{"line":8,"column":3}},"2":{"start":{"line":3,"column":41},"end":{"line":8,"column":3}},"3":{"start":{"line":10,"column":28},"end":{"line":10,"column":35}}},"fnMap":{"0":{"name":"(anonymous_0)","decl":{"start":{"line":3,"column":35},"end":{"line":3,"column":41}},"loc":{"start":{"line":3,"column":35},"end":{"line":3,"column":42}}}},"branchMap":{},"s":{"0":4,"1":4,"2":0,"3":4},"f":{"0":0},"b":{}}
,"/Users/gabrielajardimaquino/Documents/Canoo Take Home/src/client/features/navigation/BottomBar.tsx": {"path":"/Users/gabrielajardimaquino/Documents/Canoo Take Home/src/client/features/navigation/BottomBar.tsx","statementMap":{"0":{"start":{"line":2,"column":0},"end":{"line":2,"column":26}},"1":{"start":{"line":3,"column":0},"end":{"line":3,"column":77}},"2":{"start":{"line":4,"column":0},"end":{"line":4,"column":49}},"3":{"start":{"line":5,"column":0},"end":{"line":5,"column":63}},"4":{"start":{"line":6,"column":0},"end":{"line":6,"column":65}},"5":{"start":{"line":13,"column":40},"end":{"line":13,"column":42}},"6":{"start":{"line":13,"column":49},"end":{"line":13,"column":66}},"7":{"start":{"line":14,"column":18},"end":{"line":14,"column":35}},"8":{"start":{"line":16,"column":2},"end":{"line":36,"column":4}},"9":{"start":{"line":20,"column":8},"end":{"line":20,"column":26}},"10":{"start":{"line":13,"column":0},"end":{"line":13,"column":24}}},"fnMap":{"0":{"name":"BottomBar","decl":{"start":{"line":13,"column":24},"end":{"line":13,"column":33}},"loc":{"start":{"line":13,"column":66},"end":{"line":37,"column":1}}},"1":{"name":"(anonymous_2)","decl":{"start":{"line":19,"column":16},"end":{"line":19,"column":17}},"loc":{"start":{"line":19,"column":47},"end":{"line":21,"column":7}}}},"branchMap":{},"s":{"0":2,"1":2,"2":2,"3":2,"4":2,"5":0,"6":0,"7":0,"8":0,"9":0,"10":2},"f":{"0":0,"1":0},"b":{}}
,"/Users/gabrielajardimaquino/Documents/Canoo Take Home/src/client/features/navigation/TopBar.tsx": {"path":"/Users/gabrielajardimaquino/Documents/Canoo Take Home/src/client/features/navigation/TopBar.tsx","statementMap":{"0":{"start":{"line":1,"column":0},"end":{"line":1,"column":40}},"1":{"start":{"line":2,"column":0},"end":{"line":2,"column":null}},"2":{"start":{"line":5,"column":0},"end":{"line":5,"column":47}},"3":{"start":{"line":6,"column":0},"end":{"line":6,"column":65}},"4":{"start":{"line":7,"column":0},"end":{"line":7,"column":59}},"5":{"start":{"line":10,"column":18},"end":{"line":10,"column":32}},"6":{"start":{"line":11,"column":34},"end":{"line":11,"column":48}},"7":{"start":{"line":11,"column":17},"end":{"line":11,"column":19}},"8":{"start":{"line":11,"column":30},"end":{"line":11,"column":34}},"9":{"start":{"line":12,"column":15},"end":{"line":12,"column":32}},"10":{"start":{"line":13,"column":16},"end":{"line":13,"column":41}},"11":{"start":{"line":15,"column":21},"end":{"line":17,"column":3}},"12":{"start":{"line":16,"column":4},"end":{"line":16,"column":37}},"13":{"start":{"line":20,"column":22},"end":{"line":22,"column":3}},"14":{"start":{"line":21,"column":4},"end":{"line":21,"column":22}},"15":{"start":{"line":24,"column":2},"end":{"line":71,"column":4}},"16":{"start":{"line":9,"column":0},"end":{"line":9,"column":24}}},"fnMap":{"0":{"name":"TopBar","decl":{"start":{"line":9,"column":24},"end":{"line":9,"column":30}},"loc":{"start":{"line":9,"column":30},"end":{"line":72,"column":1}}},"1":{"name":"(anonymous_8)","decl":{"start":{"line":15,"column":21},"end":{"line":15,"column":22}},"loc":{"start":{"line":15,"column":52},"end":{"line":17,"column":3}}},"2":{"name":"(anonymous_9)","decl":{"start":{"line":20,"column":22},"end":{"line":20,"column":null}},"loc":{"start":{"line":20,"column":22},"end":{"line":22,"column":3}}}},"branchMap":{},"s":{"0":2,"1":2,"2":2,"3":2,"4":2,"5":0,"6":0,"7":0,"8":0,"9":0,"10":0,"11":0,"12":0,"13":0,"14":0,"15":0,"16":2},"f":{"0":0,"1":0,"2":0},"b":{}}
,"/Users/gabrielajardimaquino/Documents/Canoo Take Home/src/client/features/navigation/navigationStyles/stylesBottomBar.tsx": {"path":"/Users/gabrielajardimaquino/Documents/Canoo Take Home/src/client/features/navigation/navigationStyles/stylesBottomBar.tsx","statementMap":{"0":{"start":{"line":1,"column":0},"end":{"line":1,"column":54}},"1":{"start":{"line":3,"column":24},"end":{"line":13,"column":3}},"2":{"start":{"line":3,"column":41},"end":{"line":13,"column":3}},"3":{"start":{"line":15,"column":28},"end":{"line":15,"column":35}}},"fnMap":{"0":{"name":"(anonymous_0)","decl":{"start":{"line":3,"column":35},"end":{"line":3,"column":41}},"loc":{"start":{"line":3,"column":35},"end":{"line":3,"column":42}}}},"branchMap":{},"s":{"0":3,"1":3,"2":0,"3":3},"f":{"0":0},"b":{}}
,"/Users/gabrielajardimaquino/Documents/Canoo Take Home/src/client/features/navigation/navigationStyles/stylesTopBar.tsx": {"path":"/Users/gabrielajardimaquino/Documents/Canoo Take Home/src/client/features/navigation/navigationStyles/stylesTopBar.tsx","statementMap":{"0":{"start":{"line":1,"column":0},"end":{"line":1,"column":54}},"1":{"start":{"line":3,"column":21},"end":{"line":13,"column":3}},"2":{"start":{"line":3,"column":71},"end":{"line":13,"column":3}},"3":{"start":{"line":15,"column":25},"end":{"line":15,"column":32}}},"fnMap":{"0":{"name":"(anonymous_0)","decl":{"start":{"line":3,"column":32},"end":{"line":3,"column":33}},"loc":{"start":{"line":3,"column":66},"end":{"line":3,"column":72}}}},"branchMap":{},"s":{"0":3,"1":3,"2":0,"3":3},"f":{"0":0},"b":{}}
,"/Users/gabrielajardimaquino/Documents/Canoo Take Home/src/client/features/temperature/TemperaturePanel.tsx": {"path":"/Users/gabrielajardimaquino/Documents/Canoo Take Home/src/client/features/temperature/TemperaturePanel.tsx","statementMap":{"0":{"start":{"line":1,"column":0},"end":{"line":1,"column":26}},"1":{"start":{"line":2,"column":0},"end":{"line":2,"column":55}},"2":{"start":{"line":3,"column":0},"end":{"line":3,"column":49}},"3":{"start":{"line":4,"column":0},"end":{"line":4,"column":69}},"4":{"start":{"line":5,"column":0},"end":{"line":5,"column":57}},"5":{"start":{"line":7,"column":0},"end":{"line":7,"column":57}},"6":{"start":{"line":8,"column":0},"end":{"line":8,"column":60}},"7":{"start":{"line":9,"column":0},"end":{"line":9,"column":74}},"8":{"start":{"line":13,"column":18},"end":{"line":13,"column":31}},"9":{"start":{"line":15,"column":18},"end":{"line":15,"column":61}},"10":{"start":{"line":15,"column":54},"end":{"line":15,"column":60}},"11":{"start":{"line":17,"column":19},"end":{"line":17,"column":32}},"12":{"start":{"line":19,"column":23},"end":{"line":21,"column":3}},"13":{"start":{"line":20,"column":4},"end":{"line":20,"column":71}},"14":{"start":{"line":23,"column":2},"end":{"line":57,"column":4}},"15":{"start":{"line":11,"column":0},"end":{"line":11,"column":24}}},"fnMap":{"0":{"name":"TemperaturePanel","decl":{"start":{"line":11,"column":24},"end":{"line":11,"column":40}},"loc":{"start":{"line":11,"column":40},"end":{"line":58,"column":1}}},"1":{"name":"(anonymous_8)","decl":{"start":{"line":15,"column":30},"end":{"line":15,"column":31}},"loc":{"start":{"line":15,"column":49},"end":{"line":15,"column":59}}},"2":{"name":"(anonymous_9)","decl":{"start":{"line":19,"column":23},"end":{"line":19,"column":24}},"loc":{"start":{"line":19,"column":60},"end":{"line":21,"column":3}}}},"branchMap":{"0":{"loc":{"start":{"line":53,"column":23},"end":{"line":53,"column":27}},"type":"cond-expr","locations":[{"start":{"line":53,"column":23},"end":{"line":53,"column":27}},{"start":{"line":53,"column":30},"end":{"line":53,"column":35}}]}},"s":{"0":2,"1":2,"2":2,"3":2,"4":2,"5":2,"6":2,"7":2,"8":0,"9":0,"10":0,"11":0,"12":0,"13":0,"14":0,"15":2},"f":{"0":0,"1":0,"2":0},"b":{"0":[0,0]}}
,"/Users/gabrielajardimaquino/Documents/Canoo Take Home/src/client/features/temperature/temperatureComponents/ChangeTemperature.tsx": {"path":"/Users/gabrielajardimaquino/Documents/Canoo Take Home/src/client/features/temperature/temperatureComponents/ChangeTemperature.tsx","statementMap":{"0":{"start":{"line":1,"column":0},"end":{"line":1,"column":26}},"1":{"start":{"line":2,"column":0},"end":{"line":2,"column":55}},"2":{"start":{"line":3,"column":0},"end":{"line":3,"column":55}},"3":{"start":{"line":4,"column":0},"end":{"line":4,"column":60}},"4":{"start":{"line":5,"column":0},"end":{"line":5,"column":83}},"5":{"start":{"line":6,"column":0},"end":{"line":6,"column":90}},"6":{"start":{"line":10,"column":18},"end":{"line":10,"column":43}},"7":{"start":{"line":11,"column":18},"end":{"line":11,"column":61}},"8":{"start":{"line":11,"column":54},"end":{"line":11,"column":60}},"9":{"start":{"line":12,"column":19},"end":{"line":12,"column":32}},"10":{"start":{"line":13,"column":16},"end":{"line":13,"column":31}},"11":{"start":{"line":15,"column":2},"end":{"line":41,"column":4}},"12":{"start":{"line":26,"column":10},"end":{"line":26,"column":63}},"13":{"start":{"line":29,"column":10},"end":{"line":34,"column":12}},"14":{"start":{"line":9,"column":0},"end":{"line":9,"column":24}}},"fnMap":{"0":{"name":"ChangeTemperature","decl":{"start":{"line":9,"column":24},"end":{"line":9,"column":41}},"loc":{"start":{"line":9,"column":41},"end":{"line":42,"column":1}}},"1":{"name":"(anonymous_8)","decl":{"start":{"line":11,"column":30},"end":{"line":11,"column":31}},"loc":{"start":{"line":11,"column":49},"end":{"line":11,"column":59}}},"2":{"name":"(anonymous_9)","decl":{"start":{"line":25,"column":18},"end":{"line":25,"column":19}},"loc":{"start":{"line":25,"column":50},"end":{"line":27,"column":9}}},"3":{"name":"(anonymous_10)","decl":{"start":{"line":28,"column":27},"end":{"line":28,"column":28}},"loc":{"start":{"line":28,"column":59},"end":{"line":35,"column":9}}}},"branchMap":{},"s":{"0":3,"1":3,"2":3,"3":3,"4":3,"5":3,"6":0,"7":0,"8":0,"9":0,"10":0,"11":0,"12":0,"13":0,"14":3},"f":{"0":0,"1":0,"2":0,"3":0},"b":{}}
,"/Users/gabrielajardimaquino/Documents/Canoo Take Home/src/client/features/temperature/temperatureComponents/Thermostat.tsx": {"path":"/Users/gabrielajardimaquino/Documents/Canoo Take Home/src/client/features/temperature/temperatureComponents/Thermostat.tsx","statementMap":{"0":{"start":{"line":2,"column":0},"end":{"line":2,"column":26}},"1":{"start":{"line":3,"column":0},"end":{"line":3,"column":42}},"2":{"start":{"line":5,"column":0},"end":{"line":5,"column":69}},"3":{"start":{"line":6,"column":0},"end":{"line":6,"column":null}},"4":{"start":{"line":12,"column":10},"end":{"line":12,"column":null}},"5":{"start":{"line":13,"column":10},"end":{"line":13,"column":null}},"6":{"start":{"line":14,"column":10},"end":{"line":14,"column":null}},"7":{"start":{"line":15,"column":7},"end":{"line":15,"column":null}},"8":{"start":{"line":16,"column":8},"end":{"line":16,"column":null}},"9":{"start":{"line":18,"column":50},"end":{"line":18,"column":92}},"10":{"start":{"line":18,"column":86},"end":{"line":18,"column":92}},"11":{"start":{"line":18,"column":21},"end":{"line":18,"column":23}},"12":{"start":{"line":18,"column":40},"end":{"line":18,"column":42}},"13":{"start":{"line":18,"column":45},"end":{"line":18,"column":50}},"14":{"start":{"line":21,"column":19},"end":{"line":21,"column":22}},"15":{"start":{"line":22,"column":17},"end":{"line":22,"column":29}},"16":{"start":{"line":23,"column":27},"end":{"line":23,"column":40}},"17":{"start":{"line":24,"column":27},"end":{"line":24,"column":39}},"18":{"start":{"line":25,"column":22},"end":{"line":25,"column":25}},"19":{"start":{"line":26,"column":21},"end":{"line":26,"column":40}},"20":{"start":{"line":29,"column":25},"end":{"line":29,"column":65}},"21":{"start":{"line":30,"column":25},"end":{"line":30,"column":65}},"22":{"start":{"line":31,"column":14},"end":{"line":36,"column":null}},"23":{"start":{"line":38,"column":14},"end":{"line":43,"column":null}},"24":{"start":{"line":47,"column":21},"end":{"line":52,"column":4}},"25":{"start":{"line":53,"column":26},"end":{"line":58,"column":4}},"26":{"start":{"line":59,"column":16},"end":{"line":59,"column":38}},"27":{"start":{"line":60,"column":24},"end":{"line":60,"column":53}},"28":{"start":{"line":61,"column":20},"end":{"line":61,"column":22}},"29":{"start":{"line":62,"column":2},"end":{"line":81,"column":null}},"30":{"start":{"line":62,"column":19},"end":{"line":62,"column":20}},"31":{"start":{"line":63,"column":20},"end":{"line":63,"column":50}},"32":{"start":{"line":64,"column":21},"end":{"line":64,"column":49}},"33":{"start":{"line":65,"column":24},"end":{"line":79,"column":6}},"34":{"start":{"line":80,"column":4},"end":{"line":80,"column":32}},"35":{"start":{"line":84,"column":19},"end":{"line":84,"column":35}},"36":{"start":{"line":85,"column":17},"end":{"line":91,"column":14}},"37":{"start":{"line":90,"column":27},"end":{"line":90,"column":56}},"38":{"start":{"line":92,"column":20},"end":{"line":92,"column":65}},"39":{"start":{"line":96,"column":29},"end":{"line":99,"column":4}},"40":{"start":{"line":100,"column":22},"end":{"line":103,"column":null}},"41":{"start":{"line":105,"column":13},"end":{"line":105,"column":82}},"42":{"start":{"line":106,"column":2},"end":{"line":110,"column":null}},"43":{"start":{"line":107,"column":4},"end":{"line":107,"column":14}},"44":{"start":{"line":109,"column":4},"end":{"line":109,"column":14}},"45":{"start":{"line":111,"column":26},"end":{"line":114,"column":4}},"46":{"start":{"line":117,"column":17},"end":{"line":117,"column":38}},"47":{"start":{"line":120,"column":2},"end":{"line":147,"column":4}},"48":{"start":{"line":11,"column":0},"end":{"line":11,"column":24}}},"fnMap":{"0":{"name":"Thermostat","decl":{"start":{"line":11,"column":24},"end":{"line":11,"column":34}},"loc":{"start":{"line":17,"column":17},"end":{"line":148,"column":1}}},"1":{"name":"(anonymous_2)","decl":{"start":{"line":18,"column":62},"end":{"line":18,"column":63}},"loc":{"start":{"line":18,"column":81},"end":{"line":18,"column":91}}},"2":{"name":"(anonymous_3)","decl":{"start":{"line":90,"column":9},"end":{"line":90,"column":10}},"loc":{"start":{"line":90,"column":22},"end":{"line":90,"column":38}}}},"branchMap":{"0":{"loc":{"start":{"line":63,"column":20},"end":{"line":63,"column":33}},"type":"binary-expr","locations":[{"start":{"line":63,"column":20},"end":{"line":63,"column":33}},{"start":{"line":63,"column":37},"end":{"line":63,"column":50}}]},"1":{"loc":{"start":{"line":64,"column":21},"end":{"line":64,"column":33}},"type":"binary-expr","locations":[{"start":{"line":64,"column":21},"end":{"line":64,"column":33}},{"start":{"line":64,"column":37},"end":{"line":64,"column":49}}]},"2":{"loc":{"start":{"line":69,"column":20},"end":{"line":69,"column":35}},"type":"cond-expr","locations":[{"start":{"line":69,"column":20},"end":{"line":69,"column":35}},{"start":{"line":69,"column":38},"end":{"line":69,"column":48}}]},"3":{"loc":{"start":{"line":76,"column":12},"end":{"line":76,"column":38}},"type":"cond-expr","locations":[{"start":{"line":76,"column":12},"end":{"line":76,"column":38}},{"start":{"line":77,"column":12},"end":{"line":77,"column":38}}]},"4":{"loc":{"start":{"line":106,"column":2},"end":{"line":110,"column":null}},"type":"if","locations":[{"start":{"line":106,"column":2},"end":{"line":110,"column":null}},{"start":{"line":106,"column":2},"end":{"line":110,"column":null}}]}},"s":{"0":3,"1":3,"2":3,"3":3,"4":0,"5":0,"6":0,"7":0,"8":0,"9":0,"10":0,"11":0,"12":0,"13":0,"14":0,"15":0,"16":0,"17":0,"18":0,"19":0,"20":0,"21":0,"22":0,"23":0,"24":0,"25":0,"26":0,"27":0,"28":0,"29":0,"30":0,"31":0,"32":0,"33":0,"34":0,"35":0,"36":0,"37":0,"38":0,"39":0,"40":0,"41":0,"42":0,"43":0,"44":0,"45":0,"46":0,"47":0,"48":3},"f":{"0":0,"1":0,"2":0},"b":{"0":[0,0],"1":[0,0],"2":[0,0],"3":[0,0],"4":[0,0]}}
,"/Users/gabrielajardimaquino/Documents/Canoo Take Home/src/client/features/temperature/temperatureHelpers/helpersChangeTemperature.tsx": {"path":"/Users/gabrielajardimaquino/Documents/Canoo Take Home/src/client/features/temperature/temperatureHelpers/helpersChangeTemperature.tsx","statementMap":{"0":{"start":{"line":1,"column":22},"end":{"line":10,"column":1}},"1":{"start":{"line":2,"column":17},"end":{"line":2,"column":19}},"2":{"start":{"line":3,"column":2},"end":{"line":8,"column":null}},"3":{"start":{"line":3,"column":15},"end":{"line":3,"column":16}},"4":{"start":{"line":4,"column":4},"end":{"line":7,"column":7}},"5":{"start":{"line":9,"column":2},"end":{"line":9,"column":16}},"6":{"start":{"line":14,"column":9},"end":{"line":14,"column":22}},"7":{"start":{"line":12,"column":18},"end":{"line":12,"column":46}},"8":{"start":{"line":12,"column":43},"end":{"line":12,"column":55}},"9":{"start":{"line":14,"column":24},"end":{"line":14,"column":33}}},"fnMap":{"0":{"name":"(anonymous_0)","decl":{"start":{"line":1,"column":22},"end":{"line":1,"column":null}},"loc":{"start":{"line":1,"column":22},"end":{"line":10,"column":1}}},"1":{"name":"(anonymous_1)","decl":{"start":{"line":12,"column":18},"end":{"line":12,"column":19}},"loc":{"start":{"line":12,"column":31},"end":{"line":12,"column":46}}}},"branchMap":{},"s":{"0":4,"1":1,"2":1,"3":1,"4":10,"5":1,"6":4,"7":4,"8":1,"9":4},"f":{"0":1,"1":1},"b":{}}
,"/Users/gabrielajardimaquino/Documents/Canoo Take Home/src/client/features/temperature/temperatureHelpers/helpersThermostat.tsx": {"path":"/Users/gabrielajardimaquino/Documents/Canoo Take Home/src/client/features/temperature/temperatureHelpers/helpersThermostat.tsx","statementMap":{"0":{"start":{"line":3,"column":21},"end":{"line":3,"column":null}},"1":{"start":{"line":3,"column":45},"end":{"line":8,"column":11}},"2":{"start":{"line":5,"column":28},"end":{"line":5,"column":87}},"3":{"start":{"line":31,"column":2},"end":{"line":31,"column":14}},"4":{"start":{"line":10,"column":20},"end":{"line":17,"column":1}},"5":{"start":{"line":11,"column":18},"end":{"line":11,"column":41}},"6":{"start":{"line":12,"column":12},"end":{"line":12,"column":32}},"7":{"start":{"line":13,"column":12},"end":{"line":13,"column":32}},"8":{"start":{"line":14,"column":13},"end":{"line":14,"column":70}},"9":{"start":{"line":15,"column":13},"end":{"line":15,"column":70}},"10":{"start":{"line":16,"column":2},"end":{"line":16,"column":18}},"11":{"start":{"line":31,"column":16},"end":{"line":31,"column":27}},"12":{"start":{"line":19,"column":21},"end":{"line":19,"column":83}},"13":{"start":{"line":19,"column":77},"end":{"line":19,"column":132}},"14":{"start":{"line":19,"column":97},"end":{"line":19,"column":131}},"15":{"start":{"line":31,"column":29},"end":{"line":31,"column":41}},"16":{"start":{"line":21,"column":24},"end":{"line":25,"column":1}},"17":{"start":{"line":22,"column":2},"end":{"line":22,"column":28}},"18":{"start":{"line":22,"column":17},"end":{"line":22,"column":28}},"19":{"start":{"line":23,"column":2},"end":{"line":23,"column":28}},"20":{"start":{"line":23,"column":17},"end":{"line":23,"column":28}},"21":{"start":{"line":24,"column":2},"end":{"line":24,"column":13}},"22":{"start":{"line":31,"column":43},"end":{"line":31,"column":58}},"23":{"start":{"line":28,"column":20},"end":{"line":28,"column":53}},"24":{"start":{"line":28,"column":52},"end":{"line":28,"column":91}},"25":{"start":{"line":31,"column":60},"end":{"line":31,"column":71}}},"fnMap":{"0":{"name":"(anonymous_0)","decl":{"start":{"line":3,"column":21},"end":{"line":3,"column":22}},"loc":{"start":{"line":3,"column":40},"end":{"line":3,"column":null}}},"1":{"name":"(anonymous_1)","decl":{"start":{"line":5,"column":9},"end":{"line":5,"column":10}},"loc":{"start":{"line":5,"column":23},"end":{"line":5,"column":29}}},"2":{"name":"(anonymous_2)","decl":{"start":{"line":10,"column":20},"end":{"line":10,"column":21}},"loc":{"start":{"line":10,"column":66},"end":{"line":17,"column":1}}},"3":{"name":"(anonymous_3)","decl":{"start":{"line":19,"column":21},"end":{"line":19,"column":22}},"loc":{"start":{"line":19,"column":72},"end":{"line":19,"column":83}}},"4":{"name":"(anonymous_4)","decl":{"start":{"line":19,"column":88},"end":{"line":19,"column":93}},"loc":{"start":{"line":19,"column":93},"end":{"line":19,"column":108}}},"5":{"name":"(anonymous_5)","decl":{"start":{"line":21,"column":24},"end":{"line":21,"column":25}},"loc":{"start":{"line":21,"column":60},"end":{"line":25,"column":1}}},"6":{"name":"(anonymous_6)","decl":{"start":{"line":28,"column":20},"end":{"line":28,"column":21}},"loc":{"start":{"line":28,"column":47},"end":{"line":28,"column":53}}}},"branchMap":{"0":{"loc":{"start":{"line":5,"column":42},"end":{"line":5,"column":45}},"type":"cond-expr","locations":[{"start":{"line":5,"column":42},"end":{"line":5,"column":45}},{"start":{"line":5,"column":48},"end":{"line":5,"column":51}}]},"1":{"loc":{"start":{"line":22,"column":2},"end":{"line":22,"column":28}},"type":"if","locations":[{"start":{"line":22,"column":2},"end":{"line":22,"column":28}},{"start":{"line":22,"column":2},"end":{"line":22,"column":28}}]},"2":{"loc":{"start":{"line":23,"column":2},"end":{"line":23,"column":28}},"type":"if","locations":[{"start":{"line":23,"column":2},"end":{"line":23,"column":28}},{"start":{"line":23,"column":2},"end":{"line":23,"column":28}}]},"3":{"loc":{"start":{"line":28,"column":68},"end":{"line":28,"column":73}},"type":"cond-expr","locations":[{"start":{"line":28,"column":68},"end":{"line":28,"column":73}},{"start":{"line":28,"column":76},"end":{"line":28,"column":89}}]}},"s":{"0":4,"1":1,"2":1,"3":4,"4":4,"5":2,"6":2,"7":2,"8":2,"9":2,"10":2,"11":4,"12":4,"13":1,"14":1,"15":4,"16":4,"17":1,"18":1,"19":0,"20":0,"21":0,"22":4,"23":4,"24":1,"25":4},"f":{"0":1,"1":1,"2":2,"3":1,"4":1,"5":1,"6":1},"b":{"0":[0,1],"1":[1,0],"2":[0,0],"3":[0,1]}}
,"/Users/gabrielajardimaquino/Documents/Canoo Take Home/src/client/features/temperature/temperatureStyles/stylesChangeTemperature.tsx": {"path":"/Users/gabrielajardimaquino/Documents/Canoo Take Home/src/client/features/temperature/temperatureStyles/stylesChangeTemperature.tsx","statementMap":{"0":{"start":{"line":2,"column":0},"end":{"line":2,"column":54}},"1":{"start":{"line":4,"column":32},"end":{"line":15,"column":3}},"2":{"start":{"line":4,"column":58},"end":{"line":15,"column":3}},"3":{"start":{"line":17,"column":36},"end":{"line":17,"column":43}}},"fnMap":{"0":{"name":"(anonymous_0)","decl":{"start":{"line":4,"column":43},"end":{"line":4,"column":44}},"loc":{"start":{"line":4,"column":53},"end":{"line":4,"column":59}}}},"branchMap":{},"s":{"0":4,"1":4,"2":0,"3":4},"f":{"0":0},"b":{}}
,"/Users/gabrielajardimaquino/Documents/Canoo Take Home/src/client/features/temperature/temperatureStyles/stylesThermostat.tsx": {"path":"/Users/gabrielajardimaquino/Documents/Canoo Take Home/src/client/features/temperature/temperatureStyles/stylesThermostat.tsx","statementMap":{"0":{"start":{"line":3,"column":25},"end":{"line":44,"column":1}},"1":{"start":{"line":4,"column":20},"end":{"line":4,"column":26}},"2":{"start":{"line":6,"column":2},"end":{"line":43,"column":4}},"3":{"start":{"line":46,"column":29},"end":{"line":46,"column":36}}},"fnMap":{"0":{"name":"(anonymous_0)","decl":{"start":{"line":3,"column":25},"end":{"line":3,"column":26}},"loc":{"start":{"line":3,"column":37},"end":{"line":44,"column":1}}}},"branchMap":{"0":{"loc":{"start":{"line":37,"column":21},"end":{"line":37,"column":24}},"type":"cond-expr","locations":[{"start":{"line":37,"column":21},"end":{"line":37,"column":24}},{"start":{"line":37,"column":27},"end":{"line":37,"column":30}}]}},"s":{"0":4,"1":0,"2":0,"3":4},"f":{"0":0},"b":{"0":[0,0]}}
,"/Users/gabrielajardimaquino/Documents/Canoo Take Home/src/client/reducer/reducer.ts": {"path":"/Users/gabrielajardimaquino/Documents/Canoo Take Home/src/client/reducer/reducer.ts","statementMap":{"0":{"start":{"line":2,"column":0},"end":{"line":2,"column":49}},"1":{"start":{"line":5,"column":0},"end":{"line":5,"column":55}},"2":{"start":{"line":6,"column":0},"end":{"line":6,"column":59}},"3":{"start":{"line":9,"column":13},"end":{"line":15,"column":2}},"4":{"start":{"line":17,"column":13},"end":{"line":127,"column":2}},"5":{"start":{"line":17,"column":24},"end":{"line":17,"column":46}},"6":{"start":{"line":19,"column":23},"end":{"line":19,"column":39}},"7":{"start":{"line":20,"column":16},"end":{"line":20,"column":76}},"8":{"start":{"line":21,"column":43},"end":{"line":21,"column":60}},"9":{"start":{"line":22,"column":49},"end":{"line":22,"column":72}},"10":{"start":{"line":23,"column":36},"end":{"line":23,"column":45}},"11":{"start":{"line":25,"column":2},"end":{"line":126,"column":null}},"12":{"start":{"line":29,"column":6},"end":{"line":29,"column":51}},"13":{"start":{"line":30,"column":6},"end":{"line":30,"column":57}},"14":{"start":{"line":31,"column":6},"end":{"line":31,"column":35}},"15":{"start":{"line":32,"column":6},"end":{"line":32,"column":65}},"16":{"start":{"line":33,"column":6},"end":{"line":33,"column":41}},"17":{"start":{"line":35,"column":6},"end":{"line":41,"column":8}},"18":{"start":{"line":45,"column":6},"end":{"line":47,"column":9}},"19":{"start":{"line":46,"column":8},"end":{"line":46,"column":50}},"20":{"start":{"line":50,"column":6},"end":{"line":50,"column":47}},"21":{"start":{"line":52,"column":6},"end":{"line":54,"column":null}},"22":{"start":{"line":58,"column":24},"end":{"line":63,"column":8}},"23":{"start":{"line":64,"column":6},"end":{"line":64,"column":39}},"24":{"start":{"line":67,"column":6},"end":{"line":67,"column":59}},"25":{"start":{"line":68,"column":6},"end":{"line":68,"column":54}},"26":{"start":{"line":70,"column":6},"end":{"line":73,"column":null}},"27":{"start":{"line":78,"column":26},"end":{"line":78,"column":48}},"28":{"start":{"line":79,"column":6},"end":{"line":79,"column":43}},"29":{"start":{"line":82,"column":6},"end":{"line":82,"column":40}},"30":{"start":{"line":83,"column":6},"end":{"line":83,"column":54}},"31":{"start":{"line":85,"column":6},"end":{"line":88,"column":null}},"32":{"start":{"line":92,"column":6},"end":{"line":92,"column":45}},"33":{"start":{"line":94,"column":6},"end":{"line":96,"column":null}},"34":{"start":{"line":101,"column":6},"end":{"line":101,"column":35}},"35":{"start":{"line":102,"column":6},"end":{"line":104,"column":null}},"36":{"start":{"line":103,"column":8},"end":{"line":103,"column":53}},"37":{"start":{"line":107,"column":30},"end":{"line":112,"column":8}},"38":{"start":{"line":113,"column":6},"end":{"line":113,"column":51}},"39":{"start":{"line":115,"column":6},"end":{"line":118,"column":null}},"40":{"start":{"line":122,"column":6},"end":{"line":122,"column":26}},"41":{"start":{"line":125,"column":6},"end":{"line":125,"column":19}}},"fnMap":{"0":{"name":"(anonymous_9)","decl":{"start":{"line":17,"column":23},"end":{"line":17,"column":24}},"loc":{"start":{"line":17,"column":65},"end":{"line":127,"column":1}}},"1":{"name":"(anonymous_10)","decl":{"start":{"line":45,"column":38},"end":{"line":45,"column":43}},"loc":{"start":{"line":45,"column":43},"end":{"line":47,"column":7}}}},"branchMap":{"0":{"loc":{"start":{"line":17,"column":24},"end":{"line":17,"column":46}},"type":"if","locations":[{"start":{"line":17,"column":24},"end":{"line":17,"column":46}},{"start":{"line":17,"column":24},"end":{"line":17,"column":46}}]},"1":{"loc":{"start":{"line":27,"column":4},"end":{"line":41,"column":8}},"type":"switch","locations":[{"start":{"line":27,"column":4},"end":{"line":41,"column":8}},{"start":{"line":43,"column":4},"end":{"line":54,"column":null}},{"start":{"line":56,"column":4},"end":{"line":73,"column":null}},{"start":{"line":76,"column":4},"end":{"line":88,"column":null}},{"start":{"line":91,"column":4},"end":{"line":96,"column":null}},{"start":{"line":99,"column":4},"end":{"line":118,"column":null}},{"start":{"line":121,"column":4},"end":{"line":122,"column":26}},{"start":{"line":124,"column":4},"end":{"line":125,"column":19}}]},"2":{"loc":{"start":{"line":102,"column":6},"end":{"line":104,"column":null}},"type":"if","locations":[{"start":{"line":102,"column":6},"end":{"line":104,"column":null}},{"start":{"line":102,"column":6},"end":{"line":104,"column":null}}]}},"s":{"0":1,"1":1,"2":1,"3":1,"4":1,"5":6,"6":3,"7":3,"8":3,"9":3,"10":3,"11":3,"12":0,"13":0,"14":0,"15":0,"16":0,"17":0,"18":0,"19":0,"20":0,"21":0,"22":0,"23":0,"24":0,"25":0,"26":0,"27":0,"28":0,"29":0,"30":0,"31":0,"32":1,"33":1,"34":0,"35":0,"36":0,"37":0,"38":0,"39":0,"40":2,"41":0},"f":{"0":3,"1":0},"b":{"0":[3,0],"1":[0,0,0,0,1,0,2,0],"2":[0,0]}}
,"/Users/gabrielajardimaquino/Documents/Canoo Take Home/src/client/reducer/actions/actions.ts": {"path":"/Users/gabrielajardimaquino/Documents/Canoo Take Home/src/client/reducer/actions/actions.ts","statementMap":{"0":{"start":{"line":1,"column":0},"end":{"line":1,"column":50}},"1":{"start":{"line":4,"column":13},"end":{"line":7,"column":3}},"2":{"start":{"line":4,"column":54},"end":{"line":7,"column":3}},"3":{"start":{"line":9,"column":13},"end":{"line":12,"column":3}},"4":{"start":{"line":9,"column":58},"end":{"line":12,"column":3}},"5":{"start":{"line":14,"column":13},"end":{"line":22,"column":3}},"6":{"start":{"line":19,"column":22},"end":{"line":22,"column":3}},"7":{"start":{"line":24,"column":13},"end":{"line":27,"column":3}},"8":{"start":{"line":24,"column":54},"end":{"line":27,"column":3}},"9":{"start":{"line":29,"column":13},"end":{"line":32,"column":3}},"10":{"start":{"line":29,"column":60},"end":{"line":32,"column":3}},"11":{"start":{"line":34,"column":13},"end":{"line":37,"column":3}},"12":{"start":{"line":34,"column":63},"end":{"line":37,"column":3}},"13":{"start":{"line":39,"column":13},"end":{"line":41,"column":3}},"14":{"start":{"line":39,"column":40},"end":{"line":41,"column":3}}},"fnMap":{"0":{"name":"(anonymous_6)","decl":{"start":{"line":4,"column":24},"end":{"line":4,"column":25}},"loc":{"start":{"line":4,"column":36},"end":{"line":4,"column":55}}},"1":{"name":"(anonymous_7)","decl":{"start":{"line":9,"column":25},"end":{"line":9,"column":26}},"loc":{"start":{"line":9,"column":40},"end":{"line":9,"column":59}}},"2":{"name":"(anonymous_8)","decl":{"start":{"line":14,"column":27},"end":{"line":14,"column":28}},"loc":{"start":{"line":19,"column":4},"end":{"line":19,"column":23}}},"3":{"name":"(anonymous_9)","decl":{"start":{"line":24,"column":27},"end":{"line":24,"column":28}},"loc":{"start":{"line":24,"column":37},"end":{"line":24,"column":55}}},"4":{"name":"(anonymous_10)","decl":{"start":{"line":29,"column":28},"end":{"line":29,"column":29}},"loc":{"start":{"line":29,"column":42},"end":{"line":29,"column":61}}},"5":{"name":"(anonymous_11)","decl":{"start":{"line":34,"column":33},"end":{"line":34,"column":34}},"loc":{"start":{"line":34,"column":45},"end":{"line":34,"column":64}}},"6":{"name":"(anonymous_12)","decl":{"start":{"line":39,"column":21},"end":{"line":39,"column":40}},"loc":{"start":{"line":39,"column":21},"end":{"line":39,"column":41}}}},"branchMap":{},"s":{"0":7,"1":7,"2":1,"3":7,"4":1,"5":7,"6":1,"7":7,"8":1,"9":7,"10":1,"11":7,"12":1,"13":7,"14":2},"f":{"0":1,"1":1,"2":1,"3":1,"4":1,"5":1,"6":2},"b":{}}
,"/Users/gabrielajardimaquino/Documents/Canoo Take Home/src/client/reducer/constants/actionTypes.ts": {"path":"/Users/gabrielajardimaquino/Documents/Canoo Take Home/src/client/reducer/constants/actionTypes.ts","statementMap":{"0":{"start":{"line":1,"column":13},"end":{"line":1,"column":36}},"1":{"start":{"line":2,"column":13},"end":{"line":2,"column":42}},"2":{"start":{"line":3,"column":13},"end":{"line":3,"column":42}},"3":{"start":{"line":4,"column":13},"end":{"line":4,"column":38}},"4":{"start":{"line":5,"column":13},"end":{"line":5,"column":44}},"5":{"start":{"line":6,"column":13},"end":{"line":6,"column":54}},"6":{"start":{"line":7,"column":13},"end":{"line":7,"column":29}}},"fnMap":{},"branchMap":{},"s":{"0":7,"1":7,"2":7,"3":7,"4":7,"5":7,"6":7},"f":{},"b":{}}
,"/Users/gabrielajardimaquino/Documents/Canoo Take Home/src/client/reducer/reducerHelpers/deleteRequest.tsx": {"path":"/Users/gabrielajardimaquino/Documents/Canoo Take Home/src/client/reducer/reducerHelpers/deleteRequest.tsx","statementMap":{"0":{"start":{"line":3,"column":2},"end":{"line":13,"column":7}},"1":{"start":{"line":8,"column":17},"end":{"line":8,"column":28}},"2":{"start":{"line":9,"column":18},"end":{"line":9,"column":23}},"3":{"start":{"line":11,"column":6},"end":{"line":11,"column":58}},"4":{"start":{"line":12,"column":6},"end":{"line":12,"column":16}},"5":{"start":{"line":2,"column":0},"end":{"line":2,"column":24}}},"fnMap":{"0":{"name":"deleteRequest","decl":{"start":{"line":2,"column":24},"end":{"line":2,"column":37}},"loc":{"start":{"line":2,"column":62},"end":{"line":14,"column":1}}},"1":{"name":"(anonymous_1)","decl":{"start":{"line":8,"column":10},"end":{"line":8,"column":13}},"loc":{"start":{"line":8,"column":13},"end":{"line":8,"column":20}}},"2":{"name":"(anonymous_2)","decl":{"start":{"line":9,"column":10},"end":{"line":9,"column":14}},"loc":{"start":{"line":9,"column":14},"end":{"line":9,"column":22}}},"3":{"name":"(anonymous_3)","decl":{"start":{"line":10,"column":11},"end":{"line":10,"column":14}},"loc":{"start":{"line":10,"column":14},"end":{"line":13,"column":5}}}},"branchMap":{},"s":{"0":0,"1":0,"2":0,"3":0,"4":0,"5":1},"f":{"0":0,"1":0,"2":0,"3":0},"b":{}}
,"/Users/gabrielajardimaquino/Documents/Canoo Take Home/src/client/reducer/reducerHelpers/postRequest.tsx": {"path":"/Users/gabrielajardimaquino/Documents/Canoo Take Home/src/client/reducer/reducerHelpers/postRequest.tsx","statementMap":{"0":{"start":{"line":3,"column":2},"end":{"line":13,"column":7}},"1":{"start":{"line":8,"column":17},"end":{"line":8,"column":28}},"2":{"start":{"line":9,"column":18},"end":{"line":9,"column":23}},"3":{"start":{"line":11,"column":6},"end":{"line":11,"column":58}},"4":{"start":{"line":12,"column":6},"end":{"line":12,"column":16}},"5":{"start":{"line":2,"column":0},"end":{"line":2,"column":24}}},"fnMap":{"0":{"name":"postRequest","decl":{"start":{"line":2,"column":24},"end":{"line":2,"column":35}},"loc":{"start":{"line":2,"column":60},"end":{"line":14,"column":1}}},"1":{"name":"(anonymous_1)","decl":{"start":{"line":8,"column":10},"end":{"line":8,"column":13}},"loc":{"start":{"line":8,"column":13},"end":{"line":8,"column":20}}},"2":{"name":"(anonymous_2)","decl":{"start":{"line":9,"column":10},"end":{"line":9,"column":14}},"loc":{"start":{"line":9,"column":14},"end":{"line":9,"column":22}}},"3":{"name":"(anonymous_3)","decl":{"start":{"line":10,"column":11},"end":{"line":10,"column":14}},"loc":{"start":{"line":10,"column":14},"end":{"line":13,"column":5}}}},"branchMap":{},"s":{"0":0,"1":0,"2":0,"3":0,"4":0,"5":1},"f":{"0":0,"1":0,"2":0,"3":0},"b":{}}
}
