TN:
SF:src/client/App.tsx
FN:11,App
FN:18,(anonymous_8)
FN:19,(anonymous_9)
FN:28,(anonymous_10)
FNF:4
FNH:0
FNDA:0,App
FNDA:0,(anonymous_8)
FNDA:0,(anonymous_9)
FNDA:0,(anonymous_10)
DA:1,1
DA:2,1
DA:3,1
DA:4,1
DA:5,1
DA:6,1
DA:7,1
DA:8,1
DA:9,1
DA:11,1
DA:12,0
DA:13,0
DA:14,0
DA:18,0
DA:20,0
DA:30,0
DA:31,0
DA:33,0
DA:35,0
LF:19
LH:10
BRDA:39,0,0,0
BRDA:39,0,1,0
BRF:2
BRH:0
end_of_record
TN:
SF:src/client/commonStyles/stylesHome.tsx
FN:4,(anonymous_0)
FNF:1
FNH:0
FNDA:0,(anonymous_0)
DA:2,1
DA:4,1
DA:15,1
LF:3
LH:3
BRF:0
BRH:0
end_of_record
TN:
SF:src/client/commonStyles/stylesPanel.tsx
FN:5,(anonymous_0)
FNF:1
FNH:0
FNDA:0,(anonymous_0)
DA:2,3
DA:5,3
DA:46,3
LF:3
LH:3
BRF:0
BRH:0
end_of_record
TN:
SF:src/client/features/lights/LightPanel.tsx
FN:15,LightPanel
FN:21,(anonymous_8)
FN:38,(anonymous_9)
FN:49,(anonymous_10)
FN:59,(anonymous_11)
FNF:5
FNH:0
FNDA:0,LightPanel
FNDA:0,(anonymous_8)
FNDA:0,(anonymous_9)
FNDA:0,(anonymous_10)
FNDA:0,(anonymous_11)
DA:2,2
DA:3,2
DA:4,2
DA:7,2
DA:8,2
DA:9,2
DA:11,2
DA:12,2
DA:13,2
DA:15,2
DA:17,0
DA:19,0
DA:21,0
DA:23,0
DA:25,0
DA:39,0
DA:50,0
DA:59,0
LF:18
LH:10
BRF:0
BRH:0
end_of_record
TN:
SF:src/client/features/lights/lightsComponents/LightForm.tsx
FN:8,LightForm
FN:10,(anonymous_10)
FN:15,(anonymous_11)
FN:36,(anonymous_12)
FNF:4
FNH:0
FNDA:0,LightForm
FNDA:0,(anonymous_10)
FNDA:0,(anonymous_11)
FNDA:0,(anonymous_12)
DA:1,3
DA:2,3
DA:3,3
DA:4,3
DA:5,3
DA:8,3
DA:9,0
DA:10,0
DA:11,0
DA:15,0
DA:16,0
DA:17,0
DA:18,0
DA:24,0
DA:37,0
DA:46,0
LF:16
LH:6
BRF:0
BRH:0
end_of_record
TN:
SF:src/client/features/lights/lightsComponents/LightItem.tsx
FN:17,LightItem
FN:21,(anonymous_8)
FN:49,(anonymous_9)
FNF:3
FNH:0
FNDA:0,LightItem
FNDA:0,(anonymous_8)
FNDA:0,(anonymous_9)
DA:2,3
DA:3,3
DA:4,3
DA:7,3
DA:8,3
DA:9,3
DA:17,3
DA:18,0
DA:19,0
DA:21,0
DA:22,0
DA:33,0
DA:50,0
LF:13
LH:7
BRDA:43,0,0,0
BRDA:43,0,1,0
BRF:2
BRH:0
end_of_record
TN:
SF:src/client/features/lights/lightsStyles/stylesLightItem.tsx
FN:3,(anonymous_0)
FNF:1
FNH:0
FNDA:0,(anonymous_0)
DA:1,4
DA:3,4
DA:10,4
LF:3
LH:3
BRF:0
BRH:0
end_of_record
TN:
SF:src/client/features/navigation/BottomBar.tsx
FN:13,BottomBar
FN:19,(anonymous_2)
FNF:2
FNH:0
FNDA:0,BottomBar
FNDA:0,(anonymous_2)
DA:2,2
DA:3,2
DA:4,2
DA:5,2
DA:6,2
DA:13,2
DA:14,0
DA:16,0
DA:20,0
LF:9
LH:6
BRF:0
BRH:0
end_of_record
TN:
SF:src/client/features/navigation/TopBar.tsx
FN:9,TopBar
FN:15,(anonymous_8)
FN:20,(anonymous_9)
FNF:3
FNH:0
FNDA:0,TopBar
FNDA:0,(anonymous_8)
FNDA:0,(anonymous_9)
DA:1,2
DA:2,2
DA:5,2
DA:6,2
DA:7,2
DA:9,2
DA:10,0
DA:11,0
DA:12,0
DA:13,0
DA:15,0
DA:16,0
DA:20,0
DA:21,0
DA:24,0
LF:15
LH:6
BRF:0
BRH:0
end_of_record
TN:
SF:src/client/features/navigation/navigationStyles/stylesBottomBar.tsx
FN:3,(anonymous_0)
FNF:1
FNH:0
FNDA:0,(anonymous_0)
DA:1,3
DA:3,3
DA:15,3
LF:3
LH:3
BRF:0
BRH:0
end_of_record
TN:
SF:src/client/features/navigation/navigationStyles/stylesTopBar.tsx
FN:3,(anonymous_0)
FNF:1
FNH:0
FNDA:0,(anonymous_0)
DA:1,3
DA:3,3
DA:15,3
LF:3
LH:3
BRF:0
BRH:0
end_of_record
TN:
SF:src/client/features/temperature/TemperaturePanel.tsx
FN:11,TemperaturePanel
FN:15,(anonymous_8)
FN:19,(anonymous_9)
FNF:3
FNH:0
FNDA:0,TemperaturePanel
FNDA:0,(anonymous_8)
FNDA:0,(anonymous_9)
DA:1,2
DA:2,2
DA:3,2
DA:4,2
DA:5,2
DA:7,2
DA:8,2
DA:9,2
DA:11,2
DA:13,0
DA:15,0
DA:17,0
DA:19,0
DA:20,0
DA:23,0
LF:15
LH:9
BRDA:53,0,0,0
BRDA:53,0,1,0
BRF:2
BRH:0
end_of_record
TN:
SF:src/client/features/temperature/temperatureComponents/ChangeTemperature.tsx
FN:9,ChangeTemperature
FN:11,(anonymous_8)
FN:25,(anonymous_9)
FN:28,(anonymous_10)
FNF:4
FNH:0
FNDA:0,ChangeTemperature
FNDA:0,(anonymous_8)
FNDA:0,(anonymous_9)
FNDA:0,(anonymous_10)
DA:1,3
DA:2,3
DA:3,3
DA:4,3
DA:5,3
DA:6,3
DA:9,3
DA:10,0
DA:11,0
DA:12,0
DA:13,0
DA:15,0
DA:26,0
DA:29,0
LF:14
LH:7
BRF:0
BRH:0
end_of_record
TN:
SF:src/client/features/temperature/temperatureComponents/Thermostat.tsx
FN:11,Thermostat
FN:18,(anonymous_2)
FN:90,(anonymous_3)
FNF:3
FNH:0
FNDA:0,Thermostat
FNDA:0,(anonymous_2)
FNDA:0,(anonymous_3)
DA:2,3
DA:3,3
DA:5,3
DA:6,3
DA:11,3
DA:12,0
DA:13,0
DA:14,0
DA:15,0
DA:16,0
DA:18,0
DA:21,0
DA:22,0
DA:23,0
DA:24,0
DA:25,0
DA:26,0
DA:29,0
DA:30,0
DA:31,0
DA:38,0
DA:47,0
DA:53,0
DA:59,0
DA:60,0
DA:61,0
DA:62,0
DA:63,0
DA:64,0
DA:65,0
DA:80,0
DA:84,0
DA:85,0
DA:90,0
DA:92,0
DA:96,0
DA:100,0
DA:105,0
DA:106,0
DA:107,0
DA:109,0
DA:111,0
DA:117,0
DA:120,0
LF:44
LH:5
BRDA:63,0,0,0
BRDA:63,0,1,0
BRDA:64,1,0,0
BRDA:64,1,1,0
BRDA:69,2,0,0
BRDA:69,2,1,0
BRDA:76,3,0,0
BRDA:76,3,1,0
BRDA:106,4,0,0
BRDA:106,4,1,0
BRF:10
BRH:0
end_of_record
TN:
SF:src/client/features/temperature/temperatureHelpers/helpersChangeTemperature.tsx
FN:1,(anonymous_0)
FN:12,(anonymous_1)
FNF:2
FNH:0
FNDA:0,(anonymous_0)
FNDA:0,(anonymous_1)
DA:1,4
DA:2,0
DA:3,0
DA:4,0
DA:9,0
DA:12,4
DA:14,4
LF:7
LH:3
BRF:0
BRH:0
end_of_record
TN:
SF:src/client/features/temperature/temperatureHelpers/helpersThermostat.tsx
FN:3,(anonymous_0)
FN:5,(anonymous_1)
FN:10,(anonymous_2)
FN:19,(anonymous_3)
FN:19,(anonymous_4)
FN:21,(anonymous_5)
FN:28,(anonymous_6)
FNF:7
FNH:0
FNDA:0,(anonymous_0)
FNDA:0,(anonymous_1)
FNDA:0,(anonymous_2)
FNDA:0,(anonymous_3)
FNDA:0,(anonymous_4)
FNDA:0,(anonymous_5)
FNDA:0,(anonymous_6)
DA:3,4
DA:5,0
DA:10,4
DA:11,0
DA:12,0
DA:13,0
DA:14,0
DA:15,0
DA:16,0
DA:19,4
DA:21,4
DA:22,0
DA:23,0
DA:24,0
DA:28,4
DA:31,4
LF:16
LH:6
BRDA:5,0,0,0
BRDA:5,0,1,0
BRDA:22,1,0,0
BRDA:22,1,1,0
BRDA:23,2,0,0
BRDA:23,2,1,0
BRDA:28,3,0,0
BRDA:28,3,1,0
BRF:8
BRH:0
end_of_record
TN:
SF:src/client/features/temperature/temperatureStyles/stylesChangeTemperature.tsx
FN:4,(anonymous_0)
FNF:1
FNH:0
FNDA:0,(anonymous_0)
DA:2,4
DA:4,4
DA:17,4
LF:3
LH:3
BRF:0
BRH:0
end_of_record
TN:
SF:src/client/features/temperature/temperatureStyles/stylesThermostat.tsx
FN:3,(anonymous_0)
FNF:1
FNH:0
FNDA:0,(anonymous_0)
DA:3,4
DA:4,0
DA:6,0
DA:46,4
LF:4
LH:2
BRDA:37,0,0,0
BRDA:37,0,1,0
BRF:2
BRH:0
end_of_record
TN:
SF:src/client/reducer/reducer.ts
FN:17,(anonymous_9)
FN:45,(anonymous_10)
FNF:2
FNH:0
FNDA:0,(anonymous_9)
FNDA:0,(anonymous_10)
DA:2,1
DA:5,1
DA:6,1
DA:9,1
DA:17,1
DA:19,0
DA:20,0
DA:21,0
DA:22,0
DA:23,0
DA:25,0
DA:29,0
DA:30,0
DA:31,0
DA:32,0
DA:33,0
DA:35,0
DA:45,0
DA:46,0
DA:50,0
DA:52,0
DA:58,0
DA:64,0
DA:67,0
DA:68,0
DA:70,0
DA:78,0
DA:79,0
DA:82,0
DA:83,0
DA:85,0
DA:92,0
DA:94,0
DA:101,0
DA:102,0
DA:103,0
DA:107,0
DA:113,0
DA:115,0
DA:122,0
DA:125,0
LF:41
LH:5
BRDA:17,0,0,0
BRDA:17,0,1,0
BRDA:27,1,0,0
BRDA:27,1,1,0
BRDA:27,1,2,0
BRDA:27,1,3,0
BRDA:27,1,4,0
BRDA:27,1,5,0
BRDA:27,1,6,0
BRDA:27,1,7,0
BRDA:102,2,0,0
BRDA:102,2,1,0
BRF:12
BRH:0
end_of_record
TN:
SF:src/client/reducer/actions/actions.ts
FN:4,(anonymous_6)
FN:9,(anonymous_7)
FN:14,(anonymous_8)
FN:24,(anonymous_9)
FN:29,(anonymous_10)
FN:34,(anonymous_11)
FN:39,(anonymous_12)
FNF:7
FNH:0
FNDA:0,(anonymous_6)
FNDA:0,(anonymous_7)
FNDA:0,(anonymous_8)
FNDA:0,(anonymous_9)
FNDA:0,(anonymous_10)
FNDA:0,(anonymous_11)
FNDA:0,(anonymous_12)
DA:1,6
DA:4,6
DA:9,6
DA:14,6
DA:19,0
DA:24,6
DA:29,6
DA:34,6
DA:39,6
LF:9
LH:8
BRF:0
BRH:0
end_of_record
TN:
SF:src/client/reducer/constants/actionTypes.ts
FNF:0
FNH:0
DA:1,7
DA:2,7
DA:3,7
DA:4,7
DA:5,7
DA:6,7
DA:7,7
LF:7
LH:7
BRF:0
BRH:0
end_of_record
TN:
SF:src/client/reducer/reducerHelpers/deleteRequest.tsx
FN:2,deleteRequest
FN:8,(anonymous_1)
FN:9,(anonymous_2)
FN:10,(anonymous_3)
FNF:4
FNH:0
FNDA:0,deleteRequest
FNDA:0,(anonymous_1)
FNDA:0,(anonymous_2)
FNDA:0,(anonymous_3)
DA:2,1
DA:3,0
DA:8,0
DA:9,0
DA:11,0
DA:12,0
LF:6
LH:1
BRF:0
BRH:0
end_of_record
TN:
SF:src/client/reducer/reducerHelpers/postRequest.tsx
FN:2,postRequest
FN:8,(anonymous_1)
FN:9,(anonymous_2)
FN:10,(anonymous_3)
FNF:4
FNH:0
FNDA:0,postRequest
FNDA:0,(anonymous_1)
FNDA:0,(anonymous_2)
FNDA:0,(anonymous_3)
DA:2,1
DA:3,0
DA:8,0
DA:9,0
DA:11,0
DA:12,0
LF:6
LH:1
BRF:0
BRH:0
end_of_record
